<?xml version="1.0" encoding="UTF-8"?>
<!-- Generated by org.testng.reporters.JUnitReportReporter -->
<testsuite skipped="0" hostname="Sumit-Sabu" name="beta.Demo1" tests="1" failures="0" timestamp="2022-01-11T19:37:47 IST" time="0.000" errors="0">
  <testcase name="Demo1Logs" time="0.000" classname="beta.Demo1"/>
  <system-out/>
</testsuite> <!-- beta.Demo1 -->
