<?xml version="1.0" encoding="UTF-8"?>
<!-- Generated by org.testng.reporters.JUnitReportReporter -->
<testsuite skipped="0" hostname="Sumit-Sabu" name="gamma.Demo2" tests="1" failures="0" timestamp="2022-01-11T19:37:47 IST" time="0.000" errors="0">
  <testcase name="Demo2Logs" time="0.000" classname="gamma.Demo2"/>
  <system-out/>
</testsuite> <!-- gamma.Demo2 -->
