<?xml version="1.0" encoding="UTF-8"?>
<!-- Generated by org.testng.reporters.JUnitReportReporter -->
<testsuite skipped="0" hostname="Sumit-Sabu" name="alpha.Demo" tests="1" failures="0" timestamp="2022-01-11T19:37:47 IST" time="0.016" errors="0">
  <testcase name="DemoLogs" time="0.016" classname="alpha.Demo"/>
  <system-out/>
</testsuite> <!-- alpha.Demo -->
